-------------------------------------------------------------------------------
Test set: com.serviflow.user.application.CreateUserUseCaseTest$Execute
-------------------------------------------------------------------------------
Tests run: 4, Failures: 0, Errors: 1, Skipped: 0, Time elapsed: 0.015 s <<< FAILURE! -- in com.serviflow.user.application.CreateUserUseCaseTest$Execute
com.serviflow.user.application.CreateUserUseCaseTest$Execute.shouldThrowExceptionForInvalidEmail -- Time elapsed: 0.015 s <<< ERROR!
org.mockito.exceptions.misusing.UnnecessaryStubbingException: 

Unnecessary stubbings detected.
Clean & maintainable test code requires zero unnecessary code.
Following stubbings are unnecessary (click to navigate to relevant line of code):
  1. -> at com.serviflow.user.application.CreateUserUseCaseTest$Execute.shouldThrowExceptionForInvalidEmail(CreateUserUseCaseTest.java:158)
  2. -> at com.serviflow.user.application.CreateUserUseCaseTest$Execute.shouldThrowExceptionForInvalidEmail(CreateUserUseCaseTest.java:159)
Please remove unnecessary stubbings or use 'lenient' strictness. More info: javadoc for UnnecessaryStubbingException class.
	at org.mockito.junit.jupiter.MockitoExtension.afterEach(MockitoExtension.java:192)
	at java.base/java.util.ArrayList.forEach(ArrayList.java:1596)
	at java.base/java.util.ArrayList.forEach(ArrayList.java:1596)
	at java.base/java.util.ArrayList.forEach(ArrayList.java:1596)

