<?xml version="1.0" encoding="UTF-8"?>
<testsuite xmlns:xsi="http://www.w3.org/2001/XMLSchema-instance" xsi:noNamespaceSchemaLocation="https://maven.apache.org/surefire/maven-surefire-plugin/xsd/surefire-test-report-3.0.xsd" version="3.0" name="com.serviflow.aviso.infrastructure.web.AvisoControllerTest" time="1.786" tests="9" errors="0" skipped="0" failures="0">
  <properties>
[...]
</properties>
  <testcase name="shouldReprogramar" classname="com.serviflow.aviso.infrastructure.web.AvisoControllerTest" time="0.198">
    <system-out><![CDATA[2026-04-25T13:32:31.334+02:00  INFO 16936 --- [serviflow-backend] [           main] t.c.s.AnnotationConfigContextLoaderUtils : Could not detect default configuration classes for test class [com.serviflow.aviso.infrastructure.web.AvisoControllerTest]: AvisoControllerTest does not declare any static, non-private, non-final, nested classes annotated with @Configuration.
2026-04-25T13:32:31.366+02:00  INFO 16936 --- [serviflow-backend] [           main] .b.t.c.SpringBootTestContextBootstrapper : Found @SpringBootConfiguration com.serviflow.ServiflowApplication for test class com.serviflow.aviso.infrastructure.web.AvisoControllerTest

  .   ____          _            __ _ _
 /\\ / ___'_ __ _ _(_)_ __  __ _ \ \ \ \
( ( )\___ | '_ | '_| | '_ \/ _` | \ \ \ \
 \\/  ___)| |_)| | | | | || (_| |  ) ) ) )
  '  |____| .__|_| |_|_| |_\__, | / / / /
 =========|_|==============|___/=/_/_/_/
 :: Spring Boot ::                (v3.2.5)

2026-04-25T13:32:31.397+02:00  INFO 16936 --- [serviflow-backend] [           main] c.s.a.i.web.AvisoControllerTest          : Starting AvisoControllerTest using Java 21.0.10 with PID 16936 (started by Usuario in C:\Users\Usuario\Desktop\Programación\proyecto-gestion-avisos\backend)
2026-04-25T13:32:31.397+02:00 DEBUG 16936 --- [serviflow-backend] [           main] c.s.a.i.web.AvisoControllerTest          : Running with Spring Boot v3.2.5, Spring v6.1.6
2026-04-25T13:32:31.397+02:00  INFO 16936 --- [serviflow-backend] [           main] c.s.a.i.web.AvisoControllerTest          : No active profile set, falling back to 1 default profile: "default"
2026-04-25T13:32:32.055+02:00  WARN 16936 --- [serviflow-backend] [           main] .s.s.UserDetailsServiceAutoConfiguration : 

Using generated security password: 23d171d0-abc4-450f-9843-0844a81fdd64

This generated password is for development use only. Your security configuration must be updated before running your application in production.

2026-04-25T13:32:32.477+02:00  INFO 16936 --- [serviflow-backend] [           main] o.s.s.web.DefaultSecurityFilterChain     : Will secure any request with [org.springframework.security.web.session.DisableEncodeUrlFilter@a08e41b, org.springframework.security.web.context.request.async.WebAsyncManagerIntegrationFilter@e08d871, org.springframework.security.web.context.SecurityContextHolderFilter@15bcecf9, org.springframework.security.web.header.HeaderWriterFilter@6a261998, org.springframework.web.filter.CorsFilter@4ebb7bab, org.springframework.security.web.authentication.logout.LogoutFilter@6130a6f5, org.springframework.security.web.savedrequest.RequestCacheAwareFilter@22ea6051, org.springframework.security.web.servletapi.SecurityContextHolderAwareRequestFilter@539bb233, org.springframework.security.web.authentication.AnonymousAuthenticationFilter@33845e3d, org.springframework.security.web.access.ExceptionTranslationFilter@4c6eaa65, org.springframework.security.web.access.intercept.AuthorizationFilter@65cc3902]
2026-04-25T13:32:32.680+02:00 DEBUG 16936 --- [serviflow-backend] [           main] c.s.a.infrastructure.security.JwtFilter  : Filter 'jwtFilter' configured for use
2026-04-25T13:32:32.696+02:00  INFO 16936 --- [serviflow-backend] [           main] o.s.b.t.m.w.SpringBootMockServletContext : Initializing Spring TestDispatcherServlet ''
2026-04-25T13:32:32.696+02:00  INFO 16936 --- [serviflow-backend] [           main] o.s.t.web.servlet.TestDispatcherServlet  : Initializing Servlet ''
2026-04-25T13:32:32.696+02:00  INFO 16936 --- [serviflow-backend] [           main] o.s.t.web.servlet.TestDispatcherServlet  : Completed initialization in 0 ms
2026-04-25T13:32:32.711+02:00  INFO 16936 --- [serviflow-backend] [           main] c.s.a.i.web.AvisoControllerTest          : Started AvisoControllerTest in 1.345 seconds (process running for 5.17)
2026-04-25T13:32:32.743+02:00 DEBUG 16936 --- [serviflow-backend] [           main] w.c.HttpSessionSecurityContextRepository : Created HttpSession as SecurityContext is non-default
2026-04-25T13:32:32.743+02:00 DEBUG 16936 --- [serviflow-backend] [           main] w.c.HttpSessionSecurityContextRepository : Stored SecurityContextImpl [Authentication=UsernamePasswordAuthenticationToken [Principal=org.springframework.security.core.userdetails.User [Username=user, Password=[PROTECTED], Enabled=true, AccountNonExpired=true, CredentialsNonExpired=true, AccountNonLocked=true, Granted Authorities=[ROLE_ADMINISTRADOR]], Credentials=[PROTECTED], Authenticated=true, Details=null, Granted Authorities=[ROLE_ADMINISTRADOR]]] to HttpSession [org.springframework.mock.web.MockHttpSession@5039c2cf]
2026-04-25T13:32:32.774+02:00 DEBUG 16936 --- [serviflow-backend] [           main] o.s.security.web.FilterChainProxy        : Securing POST /api/avisos/1/reprogramar
2026-04-25T13:32:32.774+02:00 DEBUG 16936 --- [serviflow-backend] [           main] o.s.security.web.FilterChainProxy        : Secured POST /api/avisos/1/reprogramar
2026-04-25T13:32:32.858+02:00 DEBUG 16936 --- [serviflow-backend] [           main] w.c.HttpSessionSecurityContextRepository : Retrieved SecurityContextImpl [Authentication=UsernamePasswordAuthenticationToken [Principal=org.springframework.security.core.userdetails.User [Username=user, Password=[PROTECTED], Enabled=true, AccountNonExpired=true, CredentialsNonExpired=true, AccountNonLocked=true, Granted Authorities=[ROLE_ADMINISTRADOR]], Credentials=[PROTECTED], Authenticated=true, Details=null, Granted Authorities=[ROLE_ADMINISTRADOR]]]
2026-04-25T13:32:32.858+02:00 DEBUG 16936 --- [serviflow-backend] [           main] horizationManagerBeforeMethodInterceptor : Authorizing method invocation ReflectiveMethodInvocation: public org.springframework.http.ResponseEntity com.serviflow.aviso.infrastructure.web.AvisoController.reprogramar(java.lang.Long,com.serviflow.aviso.infrastructure.web.AvisoController$ReprogramarRequest,org.springframework.security.core.Authentication); target is of class [com.serviflow.aviso.infrastructure.web.AvisoController]
2026-04-25T13:32:32.875+02:00 DEBUG 16936 --- [serviflow-backend] [           main] horizationManagerBeforeMethodInterceptor : Authorized method invocation ReflectiveMethodInvocation: public org.springframework.http.ResponseEntity com.serviflow.aviso.infrastructure.web.AvisoController.reprogramar(java.lang.Long,com.serviflow.aviso.infrastructure.web.AvisoController$ReprogramarRequest,org.springframework.security.core.Authentication); target is of class [com.serviflow.aviso.infrastructure.web.AvisoController]
]]></system-out>
  </testcase>
  <testcase name="shouldCancel" classname="com.serviflow.aviso.infrastructure.web.AvisoControllerTest" time="0.05">
    <system-out><![CDATA[2026-04-25T13:32:32.925+02:00 DEBUG 16936 --- [serviflow-backend] [           main] w.c.HttpSessionSecurityContextRepository : Created HttpSession as SecurityContext is non-default
2026-04-25T13:32:32.925+02:00 DEBUG 16936 --- [serviflow-backend] [           main] w.c.HttpSessionSecurityContextRepository : Stored SecurityContextImpl [Authentication=UsernamePasswordAuthenticationToken [Principal=org.springframework.security.core.userdetails.User [Username=user, Password=[PROTECTED], Enabled=true, AccountNonExpired=true, CredentialsNonExpired=true, AccountNonLocked=true, Granted Authorities=[ROLE_ADMINISTRADOR]], Credentials=[PROTECTED], Authenticated=true, Details=null, Granted Authorities=[ROLE_ADMINISTRADOR]]] to HttpSession [org.springframework.mock.web.MockHttpSession@7bc3c59f]
2026-04-25T13:32:32.925+02:00 DEBUG 16936 --- [serviflow-backend] [           main] o.s.security.web.FilterChainProxy        : Securing POST /api/avisos/1/cancelar
2026-04-25T13:32:32.925+02:00 DEBUG 16936 --- [serviflow-backend] [           main] o.s.security.web.FilterChainProxy        : Secured POST /api/avisos/1/cancelar
2026-04-25T13:32:32.925+02:00 DEBUG 16936 --- [serviflow-backend] [           main] w.c.HttpSessionSecurityContextRepository : Retrieved SecurityContextImpl [Authentication=UsernamePasswordAuthenticationToken [Principal=org.springframework.security.core.userdetails.User [Username=user, Password=[PROTECTED], Enabled=true, AccountNonExpired=true, CredentialsNonExpired=true, AccountNonLocked=true, Granted Authorities=[ROLE_ADMINISTRADOR]], Credentials=[PROTECTED], Authenticated=true, Details=null, Granted Authorities=[ROLE_ADMINISTRADOR]]]
2026-04-25T13:32:32.925+02:00 DEBUG 16936 --- [serviflow-backend] [           main] horizationManagerBeforeMethodInterceptor : Authorizing method invocation ReflectiveMethodInvocation: public org.springframework.http.ResponseEntity com.serviflow.aviso.infrastructure.web.AvisoController.cancelar(java.lang.Long,org.springframework.security.core.Authentication); target is of class [com.serviflow.aviso.infrastructure.web.AvisoController]
2026-04-25T13:32:32.925+02:00 DEBUG 16936 --- [serviflow-backend] [           main] horizationManagerBeforeMethodInterceptor : Authorized method invocation ReflectiveMethodInvocation: public org.springframework.http.ResponseEntity com.serviflow.aviso.infrastructure.web.AvisoController.cancelar(java.lang.Long,org.springframework.security.core.Authentication); target is of class [com.serviflow.aviso.infrastructure.web.AvisoController]
]]></system-out>
  </testcase>
  <testcase name="shouldListAvisos" classname="com.serviflow.aviso.infrastructure.web.AvisoControllerTest" time="0.018">
    <system-out><![CDATA[2026-04-25T13:32:32.992+02:00 DEBUG 16936 --- [serviflow-backend] [           main] w.c.HttpSessionSecurityContextRepository : Created HttpSession as SecurityContext is non-default
2026-04-25T13:32:32.992+02:00 DEBUG 16936 --- [serviflow-backend] [           main] w.c.HttpSessionSecurityContextRepository : Stored SecurityContextImpl [Authentication=UsernamePasswordAuthenticationToken [Principal=org.springframework.security.core.userdetails.User [Username=user, Password=[PROTECTED], Enabled=true, AccountNonExpired=true, CredentialsNonExpired=true, AccountNonLocked=true, Granted Authorities=[ROLE_ADMINISTRADOR]], Credentials=[PROTECTED], Authenticated=true, Details=null, Granted Authorities=[ROLE_ADMINISTRADOR]]] to HttpSession [org.springframework.mock.web.MockHttpSession@6414eb98]
2026-04-25T13:32:32.992+02:00 DEBUG 16936 --- [serviflow-backend] [           main] o.s.security.web.FilterChainProxy        : Securing GET /api/avisos
2026-04-25T13:32:32.992+02:00 DEBUG 16936 --- [serviflow-backend] [           main] o.s.security.web.FilterChainProxy        : Secured GET /api/avisos
2026-04-25T13:32:32.992+02:00 DEBUG 16936 --- [serviflow-backend] [           main] horizationManagerBeforeMethodInterceptor : Authorizing method invocation ReflectiveMethodInvocation: public org.springframework.http.ResponseEntity com.serviflow.aviso.infrastructure.web.AvisoController.listAvisos(java.lang.String,java.lang.String,java.lang.String,java.lang.Long,int,int,java.lang.String,java.lang.String); target is of class [com.serviflow.aviso.infrastructure.web.AvisoController]
2026-04-25T13:32:32.992+02:00 DEBUG 16936 --- [serviflow-backend] [           main] w.c.HttpSessionSecurityContextRepository : Retrieved SecurityContextImpl [Authentication=UsernamePasswordAuthenticationToken [Principal=org.springframework.security.core.userdetails.User [Username=user, Password=[PROTECTED], Enabled=true, AccountNonExpired=true, CredentialsNonExpired=true, AccountNonLocked=true, Granted Authorities=[ROLE_ADMINISTRADOR]], Credentials=[PROTECTED], Authenticated=true, Details=null, Granted Authorities=[ROLE_ADMINISTRADOR]]]
2026-04-25T13:32:32.992+02:00 DEBUG 16936 --- [serviflow-backend] [           main] horizationManagerBeforeMethodInterceptor : Authorized method invocation ReflectiveMethodInvocation: public org.springframework.http.ResponseEntity com.serviflow.aviso.infrastructure.web.AvisoController.listAvisos(java.lang.String,java.lang.String,java.lang.String,java.lang.Long,int,int,java.lang.String,java.lang.String); target is of class [com.serviflow.aviso.infrastructure.web.AvisoController]
]]></system-out>
  </testcase>
  <testcase name="shouldUpdateAviso" classname="com.serviflow.aviso.infrastructure.web.AvisoControllerTest" time="0.029">
    <system-out><![CDATA[2026-04-25T13:32:33.014+02:00 DEBUG 16936 --- [serviflow-backend] [           main] w.c.HttpSessionSecurityContextRepository : Created HttpSession as SecurityContext is non-default
2026-04-25T13:32:33.014+02:00 DEBUG 16936 --- [serviflow-backend] [           main] w.c.HttpSessionSecurityContextRepository : Stored SecurityContextImpl [Authentication=UsernamePasswordAuthenticationToken [Principal=org.springframework.security.core.userdetails.User [Username=user, Password=[PROTECTED], Enabled=true, AccountNonExpired=true, CredentialsNonExpired=true, AccountNonLocked=true, Granted Authorities=[ROLE_ADMINISTRADOR]], Credentials=[PROTECTED], Authenticated=true, Details=null, Granted Authorities=[ROLE_ADMINISTRADOR]]] to HttpSession [org.springframework.mock.web.MockHttpSession@4c51fc9a]
2026-04-25T13:32:33.015+02:00 DEBUG 16936 --- [serviflow-backend] [           main] o.s.security.web.FilterChainProxy        : Securing PUT /api/avisos/1
2026-04-25T13:32:33.015+02:00 DEBUG 16936 --- [serviflow-backend] [           main] o.s.security.web.FilterChainProxy        : Secured PUT /api/avisos/1
2026-04-25T13:32:33.040+02:00 DEBUG 16936 --- [serviflow-backend] [           main] w.c.HttpSessionSecurityContextRepository : Retrieved SecurityContextImpl [Authentication=UsernamePasswordAuthenticationToken [Principal=org.springframework.security.core.userdetails.User [Username=user, Password=[PROTECTED], Enabled=true, AccountNonExpired=true, CredentialsNonExpired=true, AccountNonLocked=true, Granted Authorities=[ROLE_ADMINISTRADOR]], Credentials=[PROTECTED], Authenticated=true, Details=null, Granted Authorities=[ROLE_ADMINISTRADOR]]]
2026-04-25T13:32:33.040+02:00 DEBUG 16936 --- [serviflow-backend] [           main] horizationManagerBeforeMethodInterceptor : Authorizing method invocation ReflectiveMethodInvocation: public org.springframework.http.ResponseEntity com.serviflow.aviso.infrastructure.web.AvisoController.updateAviso(java.lang.Long,com.serviflow.aviso.infrastructure.web.AvisoController$UpdateAvisoRequest,org.springframework.security.core.Authentication); target is of class [com.serviflow.aviso.infrastructure.web.AvisoController]
2026-04-25T13:32:33.040+02:00 DEBUG 16936 --- [serviflow-backend] [           main] horizationManagerBeforeMethodInterceptor : Authorized method invocation ReflectiveMethodInvocation: public org.springframework.http.ResponseEntity com.serviflow.aviso.infrastructure.web.AvisoController.updateAviso(java.lang.Long,com.serviflow.aviso.infrastructure.web.AvisoController$UpdateAvisoRequest,org.springframework.security.core.Authentication); target is of class [com.serviflow.aviso.infrastructure.web.AvisoController]
]]></system-out>
  </testcase>
  <testcase name="shouldCreateAviso" classname="com.serviflow.aviso.infrastructure.web.AvisoControllerTest" time="0.016">
    <system-out><![CDATA[2026-04-25T13:32:33.040+02:00 DEBUG 16936 --- [serviflow-backend] [           main] w.c.HttpSessionSecurityContextRepository : Created HttpSession as SecurityContext is non-default
2026-04-25T13:32:33.040+02:00 DEBUG 16936 --- [serviflow-backend] [           main] w.c.HttpSessionSecurityContextRepository : Stored SecurityContextImpl [Authentication=UsernamePasswordAuthenticationToken [Principal=org.springframework.security.core.userdetails.User [Username=user, Password=[PROTECTED], Enabled=true, AccountNonExpired=true, CredentialsNonExpired=true, AccountNonLocked=true, Granted Authorities=[ROLE_ADMINISTRADOR]], Credentials=[PROTECTED], Authenticated=true, Details=null, Granted Authorities=[ROLE_ADMINISTRADOR]]] to HttpSession [org.springframework.mock.web.MockHttpSession@4f0f56f5]
2026-04-25T13:32:33.040+02:00 DEBUG 16936 --- [serviflow-backend] [           main] o.s.security.web.FilterChainProxy        : Securing POST /api/avisos
2026-04-25T13:32:33.040+02:00 DEBUG 16936 --- [serviflow-backend] [           main] o.s.security.web.FilterChainProxy        : Secured POST /api/avisos
2026-04-25T13:32:33.056+02:00 DEBUG 16936 --- [serviflow-backend] [           main] w.c.HttpSessionSecurityContextRepository : Retrieved SecurityContextImpl [Authentication=UsernamePasswordAuthenticationToken [Principal=org.springframework.security.core.userdetails.User [Username=user, Password=[PROTECTED], Enabled=true, AccountNonExpired=true, CredentialsNonExpired=true, AccountNonLocked=true, Granted Authorities=[ROLE_ADMINISTRADOR]], Credentials=[PROTECTED], Authenticated=true, Details=null, Granted Authorities=[ROLE_ADMINISTRADOR]]]
2026-04-25T13:32:33.056+02:00 DEBUG 16936 --- [serviflow-backend] [           main] horizationManagerBeforeMethodInterceptor : Authorizing method invocation ReflectiveMethodInvocation: public org.springframework.http.ResponseEntity com.serviflow.aviso.infrastructure.web.AvisoController.createAviso(com.serviflow.aviso.infrastructure.web.AvisoController$CreateAvisoRequest,org.springframework.security.core.Authentication); target is of class [com.serviflow.aviso.infrastructure.web.AvisoController]
2026-04-25T13:32:33.056+02:00 DEBUG 16936 --- [serviflow-backend] [           main] horizationManagerBeforeMethodInterceptor : Authorized method invocation ReflectiveMethodInvocation: public org.springframework.http.ResponseEntity com.serviflow.aviso.infrastructure.web.AvisoController.createAviso(com.serviflow.aviso.infrastructure.web.AvisoController$CreateAvisoRequest,org.springframework.security.core.Authentication); target is of class [com.serviflow.aviso.infrastructure.web.AvisoController]
]]></system-out>
  </testcase>
  <testcase name="shouldGetAvisoById" classname="com.serviflow.aviso.infrastructure.web.AvisoControllerTest" time="0.0">
    <system-out><![CDATA[2026-04-25T13:32:33.056+02:00 DEBUG 16936 --- [serviflow-backend] [           main] w.c.HttpSessionSecurityContextRepository : Created HttpSession as SecurityContext is non-default
2026-04-25T13:32:33.056+02:00 DEBUG 16936 --- [serviflow-backend] [           main] w.c.HttpSessionSecurityContextRepository : Stored SecurityContextImpl [Authentication=UsernamePasswordAuthenticationToken [Principal=org.springframework.security.core.userdetails.User [Username=user, Password=[PROTECTED], Enabled=true, AccountNonExpired=true, CredentialsNonExpired=true, AccountNonLocked=true, Granted Authorities=[ROLE_ADMINISTRADOR]], Credentials=[PROTECTED], Authenticated=true, Details=null, Granted Authorities=[ROLE_ADMINISTRADOR]]] to HttpSession [org.springframework.mock.web.MockHttpSession@4cb87009]
2026-04-25T13:32:33.056+02:00 DEBUG 16936 --- [serviflow-backend] [           main] o.s.security.web.FilterChainProxy        : Securing GET /api/avisos/1
2026-04-25T13:32:33.056+02:00 DEBUG 16936 --- [serviflow-backend] [           main] o.s.security.web.FilterChainProxy        : Secured GET /api/avisos/1
2026-04-25T13:32:33.056+02:00 DEBUG 16936 --- [serviflow-backend] [           main] w.c.HttpSessionSecurityContextRepository : Retrieved SecurityContextImpl [Authentication=UsernamePasswordAuthenticationToken [Principal=org.springframework.security.core.userdetails.User [Username=user, Password=[PROTECTED], Enabled=true, AccountNonExpired=true, CredentialsNonExpired=true, AccountNonLocked=true, Granted Authorities=[ROLE_ADMINISTRADOR]], Credentials=[PROTECTED], Authenticated=true, Details=null, Granted Authorities=[ROLE_ADMINISTRADOR]]]
2026-04-25T13:32:33.056+02:00 DEBUG 16936 --- [serviflow-backend] [           main] horizationManagerBeforeMethodInterceptor : Authorizing method invocation ReflectiveMethodInvocation: public org.springframework.http.ResponseEntity com.serviflow.aviso.infrastructure.web.AvisoController.getAviso(java.lang.Long,java.lang.Long,org.springframework.security.core.Authentication); target is of class [com.serviflow.aviso.infrastructure.web.AvisoController]
2026-04-25T13:32:33.056+02:00 DEBUG 16936 --- [serviflow-backend] [           main] horizationManagerBeforeMethodInterceptor : Authorized method invocation ReflectiveMethodInvocation: public org.springframework.http.ResponseEntity com.serviflow.aviso.infrastructure.web.AvisoController.getAviso(java.lang.Long,java.lang.Long,org.springframework.security.core.Authentication); target is of class [com.serviflow.aviso.infrastructure.web.AvisoController]
]]></system-out>
  </testcase>
  <testcase name="shouldDenyAccessWhenNotAuthenticated" classname="com.serviflow.aviso.infrastructure.web.AvisoControllerTest" time="0.015">
    <system-out><![CDATA[2026-04-25T13:32:33.075+02:00 DEBUG 16936 --- [serviflow-backend] [           main] o.s.security.web.FilterChainProxy        : Securing GET /api/avisos
2026-04-25T13:32:33.075+02:00 DEBUG 16936 --- [serviflow-backend] [           main] o.s.security.web.FilterChainProxy        : Secured GET /api/avisos
2026-04-25T13:32:33.076+02:00 DEBUG 16936 --- [serviflow-backend] [           main] horizationManagerBeforeMethodInterceptor : Authorizing method invocation ReflectiveMethodInvocation: public org.springframework.http.ResponseEntity com.serviflow.aviso.infrastructure.web.AvisoController.listAvisos(java.lang.String,java.lang.String,java.lang.String,java.lang.Long,int,int,java.lang.String,java.lang.String); target is of class [com.serviflow.aviso.infrastructure.web.AvisoController]
2026-04-25T13:32:33.077+02:00 DEBUG 16936 --- [serviflow-backend] [           main] o.s.s.w.a.AnonymousAuthenticationFilter  : Set SecurityContextHolder to anonymous SecurityContext
2026-04-25T13:32:33.080+02:00 DEBUG 16936 --- [serviflow-backend] [           main] horizationManagerBeforeMethodInterceptor : Failed to authorize ReflectiveMethodInvocation: public org.springframework.http.ResponseEntity com.serviflow.aviso.infrastructure.web.AvisoController.listAvisos(java.lang.String,java.lang.String,java.lang.String,java.lang.Long,int,int,java.lang.String,java.lang.String); target is of class [com.serviflow.aviso.infrastructure.web.AvisoController] with authorization manager org.springframework.security.config.annotation.method.configuration.DeferringObservationAuthorizationManager@47462daf and decision ExpressionAuthorizationDecision [granted=false, expressionAttribute=hasAnyRole('ADMINISTRADOR', 'COORDINADOR')]
2026-04-25T13:32:33.082+02:00  WARN 16936 --- [serviflow-backend] [           main] c.s.s.i.web.GlobalExceptionHandler       : Access denied: Access Denied
]]></system-out>
  </testcase>
  <testcase name="shouldChangeEstado" classname="com.serviflow.aviso.infrastructure.web.AvisoControllerTest" time="0.01">
    <system-out><![CDATA[2026-04-25T13:32:33.092+02:00 DEBUG 16936 --- [serviflow-backend] [           main] w.c.HttpSessionSecurityContextRepository : Created HttpSession as SecurityContext is non-default
2026-04-25T13:32:33.092+02:00 DEBUG 16936 --- [serviflow-backend] [           main] w.c.HttpSessionSecurityContextRepository : Stored SecurityContextImpl [Authentication=UsernamePasswordAuthenticationToken [Principal=org.springframework.security.core.userdetails.User [Username=user, Password=[PROTECTED], Enabled=true, AccountNonExpired=true, CredentialsNonExpired=true, AccountNonLocked=true, Granted Authorities=[ROLE_ADMINISTRADOR]], Credentials=[PROTECTED], Authenticated=true, Details=null, Granted Authorities=[ROLE_ADMINISTRADOR]]] to HttpSession [org.springframework.mock.web.MockHttpSession@79d8075c]
2026-04-25T13:32:33.092+02:00 DEBUG 16936 --- [serviflow-backend] [           main] o.s.security.web.FilterChainProxy        : Securing POST /api/avisos/1/cambiar-estado
2026-04-25T13:32:33.093+02:00 DEBUG 16936 --- [serviflow-backend] [           main] o.s.security.web.FilterChainProxy        : Secured POST /api/avisos/1/cambiar-estado
2026-04-25T13:32:33.094+02:00 DEBUG 16936 --- [serviflow-backend] [           main] w.c.HttpSessionSecurityContextRepository : Retrieved SecurityContextImpl [Authentication=UsernamePasswordAuthenticationToken [Principal=org.springframework.security.core.userdetails.User [Username=user, Password=[PROTECTED], Enabled=true, AccountNonExpired=true, CredentialsNonExpired=true, AccountNonLocked=true, Granted Authorities=[ROLE_ADMINISTRADOR]], Credentials=[PROTECTED], Authenticated=true, Details=null, Granted Authorities=[ROLE_ADMINISTRADOR]]]
2026-04-25T13:32:33.095+02:00 DEBUG 16936 --- [serviflow-backend] [           main] horizationManagerBeforeMethodInterceptor : Authorizing method invocation ReflectiveMethodInvocation: public org.springframework.http.ResponseEntity com.serviflow.aviso.infrastructure.web.AvisoController.cambiarEstado(java.lang.Long,com.serviflow.aviso.infrastructure.web.AvisoController$ChangeEstadoRequest,org.springframework.security.core.Authentication); target is of class [com.serviflow.aviso.infrastructure.web.AvisoController]
2026-04-25T13:32:33.095+02:00 DEBUG 16936 --- [serviflow-backend] [           main] horizationManagerBeforeMethodInterceptor : Authorized method invocation ReflectiveMethodInvocation: public org.springframework.http.ResponseEntity com.serviflow.aviso.infrastructure.web.AvisoController.cambiarEstado(java.lang.Long,com.serviflow.aviso.infrastructure.web.AvisoController$ChangeEstadoRequest,org.springframework.security.core.Authentication); target is of class [com.serviflow.aviso.infrastructure.web.AvisoController]
]]></system-out>
  </testcase>
  <testcase name="shouldDenyCreateToTecnico" classname="com.serviflow.aviso.infrastructure.web.AvisoControllerTest" time="0.005">
    <system-out><![CDATA[2026-04-25T13:32:33.101+02:00 DEBUG 16936 --- [serviflow-backend] [           main] w.c.HttpSessionSecurityContextRepository : Created HttpSession as SecurityContext is non-default
2026-04-25T13:32:33.101+02:00 DEBUG 16936 --- [serviflow-backend] [           main] w.c.HttpSessionSecurityContextRepository : Stored SecurityContextImpl [Authentication=UsernamePasswordAuthenticationToken [Principal=org.springframework.security.core.userdetails.User [Username=user, Password=[PROTECTED], Enabled=true, AccountNonExpired=true, CredentialsNonExpired=true, AccountNonLocked=true, Granted Authorities=[ROLE_TECNICO]], Credentials=[PROTECTED], Authenticated=true, Details=null, Granted Authorities=[ROLE_TECNICO]]] to HttpSession [org.springframework.mock.web.MockHttpSession@1f3310fc]
2026-04-25T13:32:33.102+02:00 DEBUG 16936 --- [serviflow-backend] [           main] o.s.security.web.FilterChainProxy        : Securing POST /api/avisos
2026-04-25T13:32:33.102+02:00 DEBUG 16936 --- [serviflow-backend] [           main] o.s.security.web.FilterChainProxy        : Secured POST /api/avisos
2026-04-25T13:32:33.103+02:00 DEBUG 16936 --- [serviflow-backend] [           main] w.c.HttpSessionSecurityContextRepository : Retrieved SecurityContextImpl [Authentication=UsernamePasswordAuthenticationToken [Principal=org.springframework.security.core.userdetails.User [Username=user, Password=[PROTECTED], Enabled=true, AccountNonExpired=true, CredentialsNonExpired=true, AccountNonLocked=true, Granted Authorities=[ROLE_TECNICO]], Credentials=[PROTECTED], Authenticated=true, Details=null, Granted Authorities=[ROLE_TECNICO]]]
2026-04-25T13:32:33.103+02:00 DEBUG 16936 --- [serviflow-backend] [           main] horizationManagerBeforeMethodInterceptor : Authorizing method invocation ReflectiveMethodInvocation: public org.springframework.http.ResponseEntity com.serviflow.aviso.infrastructure.web.AvisoController.createAviso(com.serviflow.aviso.infrastructure.web.AvisoController$CreateAvisoRequest,org.springframework.security.core.Authentication); target is of class [com.serviflow.aviso.infrastructure.web.AvisoController]
2026-04-25T13:32:33.103+02:00 DEBUG 16936 --- [serviflow-backend] [           main] horizationManagerBeforeMethodInterceptor : Failed to authorize ReflectiveMethodInvocation: public org.springframework.http.ResponseEntity com.serviflow.aviso.infrastructure.web.AvisoController.createAviso(com.serviflow.aviso.infrastructure.web.AvisoController$CreateAvisoRequest,org.springframework.security.core.Authentication); target is of class [com.serviflow.aviso.infrastructure.web.AvisoController] with authorization manager org.springframework.security.config.annotation.method.configuration.DeferringObservationAuthorizationManager@47462daf and decision ExpressionAuthorizationDecision [granted=false, expressionAttribute=hasAnyRole('ADMINISTRADOR', 'COORDINADOR')]
2026-04-25T13:32:33.103+02:00  WARN 16936 --- [serviflow-backend] [           main] c.s.s.i.web.GlobalExceptionHandler       : Access denied: Access Denied
]]></system-out>
  </testcase>
</testsuite>