<?xml version="1.0" encoding="UTF-8"?>
<testsuite xmlns:xsi="http://www.w3.org/2001/XMLSchema-instance" xsi:noNamespaceSchemaLocation="https://maven.apache.org/surefire/maven-surefire-plugin/xsd/surefire-test-report-3.0.xsd" version="3.0" name="com.serviflow.aviso.infrastructure.web.AvisoControllerIT" time="8.698" tests="10" errors="0" skipped="0" failures="4">
  <properties>
[...]
</properties>
  <testcase name="shouldCreateAvisoWithOptionalFechaProgramada" classname="com.serviflow.aviso.infrastructure.web.AvisoControllerIT" time="0.234">
    <system-out><![CDATA[15:03:01.247 [main] INFO org.springframework.test.context.support.AnnotationConfigContextLoaderUtils -- Could not detect default configuration classes for test class [com.serviflow.aviso.infrastructure.web.AvisoControllerIT]: AvisoControllerIT does not declare any static, non-private, non-final, nested classes annotated with @Configuration.
15:03:01.495 [main] INFO org.springframework.boot.test.context.SpringBootTestContextBootstrapper -- Found @SpringBootConfiguration com.serviflow.ServiflowApplication for test class com.serviflow.aviso.infrastructure.web.AvisoControllerIT

  .   ____          _            __ _ _
 /\\ / ___'_ __ _ _(_)_ __  __ _ \ \ \ \
( ( )\___ | '_ | '_| | '_ \/ _` | \ \ \ \
 \\/  ___)| |_)| | | | | || (_| |  ) ) ) )
  '  |____| .__|_| |_|_| |_\__, | / / / /
 =========|_|==============|___/=/_/_/_/
 :: Spring Boot ::                (v3.2.5)

2026-04-29T15:03:02.095+02:00  INFO 17912 --- [serviflow-backend] [           main] c.s.a.i.web.AvisoControllerIT            : Starting AvisoControllerIT using Java 21.0.10 with PID 17912 (started by Usuario in C:\Users\Usuario\Desktop\Programacion\proyecto-gestion-avisos\backend)
2026-04-29T15:03:02.096+02:00 DEBUG 17912 --- [serviflow-backend] [           main] c.s.a.i.web.AvisoControllerIT            : Running with Spring Boot v3.2.5, Spring v6.1.6
2026-04-29T15:03:02.097+02:00  INFO 17912 --- [serviflow-backend] [           main] c.s.a.i.web.AvisoControllerIT            : No active profile set, falling back to 1 default profile: "default"
2026-04-29T15:03:03.369+02:00  INFO 17912 --- [serviflow-backend] [           main] .s.d.r.c.RepositoryConfigurationDelegate : Bootstrapping Spring Data JPA repositories in DEFAULT mode.
2026-04-29T15:03:03.541+02:00  INFO 17912 --- [serviflow-backend] [           main] .s.d.r.c.RepositoryConfigurationDelegate : Finished Spring Data repository scanning in 161 ms. Found 5 JPA repository interfaces.
2026-04-29T15:03:04.492+02:00  INFO 17912 --- [serviflow-backend] [           main] com.zaxxer.hikari.HikariDataSource       : HikariPool-1 - Starting...
2026-04-29T15:03:04.813+02:00  INFO 17912 --- [serviflow-backend] [           main] com.zaxxer.hikari.pool.HikariPool        : HikariPool-1 - Added connection org.postgresql.jdbc.PgConnection@6edd4fe2
2026-04-29T15:03:04.815+02:00  INFO 17912 --- [serviflow-backend] [           main] com.zaxxer.hikari.HikariDataSource       : HikariPool-1 - Start completed.
2026-04-29T15:03:05.063+02:00  INFO 17912 --- [serviflow-backend] [           main] o.f.c.internal.license.VersionPrinter    : Flyway Community Edition 9.22.3 by Redgate
2026-04-29T15:03:05.063+02:00  INFO 17912 --- [serviflow-backend] [           main] o.f.c.internal.license.VersionPrinter    : See release notes here: https://rd.gt/416ObMi
2026-04-29T15:03:05.063+02:00  INFO 17912 --- [serviflow-backend] [           main] o.f.c.internal.license.VersionPrinter    : 
2026-04-29T15:03:05.129+02:00  INFO 17912 --- [serviflow-backend] [           main] org.flywaydb.core.FlywayExecutor         : Database: jdbc:postgresql://localhost:5433/serviflow (PostgreSQL 16.13)
2026-04-29T15:03:05.215+02:00  WARN 17912 --- [serviflow-backend] [           main] o.f.c.internal.database.base.Database    : Flyway upgrade recommended: PostgreSQL 16.13 is newer than this version of Flyway and support has not been tested. The latest supported version of PostgreSQL is 15.
2026-04-29T15:03:05.362+02:00  INFO 17912 --- [serviflow-backend] [           main] o.f.core.internal.command.DbValidate     : Successfully validated 5 migrations (execution time 00:00.131s)
2026-04-29T15:03:05.414+02:00  INFO 17912 --- [serviflow-backend] [           main] o.f.core.internal.command.DbMigrate      : Current version of schema "public": 5
2026-04-29T15:03:05.422+02:00  INFO 17912 --- [serviflow-backend] [           main] o.f.core.internal.command.DbMigrate      : Schema "public" is up to date. No migration necessary.
2026-04-29T15:03:05.614+02:00  INFO 17912 --- [serviflow-backend] [           main] o.hibernate.jpa.internal.util.LogHelper  : HHH000204: Processing PersistenceUnitInfo [name: default]
2026-04-29T15:03:05.719+02:00  INFO 17912 --- [serviflow-backend] [           main] org.hibernate.Version                    : HHH000412: Hibernate ORM core version 6.4.4.Final
2026-04-29T15:03:05.780+02:00  INFO 17912 --- [serviflow-backend] [           main] o.h.c.internal.RegionFactoryInitiator    : HHH000026: Second-level cache disabled
2026-04-29T15:03:05.965+02:00  INFO 17912 --- [serviflow-backend] [           main] o.s.o.j.p.SpringPersistenceUnitInfo      : No LoadTimeWeaver setup: ignoring JPA class transformer
2026-04-29T15:03:06.060+02:00  WARN 17912 --- [serviflow-backend] [           main] org.hibernate.orm.deprecation            : HHH90000025: PostgreSQLDialect does not need to be specified explicitly using 'hibernate.dialect' (remove the property setting and it will be selected by default)
2026-04-29T15:03:07.171+02:00  INFO 17912 --- [serviflow-backend] [           main] o.h.e.t.j.p.i.JtaPlatformInitiator       : HHH000489: No JTA platform available (set 'hibernate.transaction.jta.platform' to enable JTA platform integration)
2026-04-29T15:03:07.210+02:00  INFO 17912 --- [serviflow-backend] [           main] j.LocalContainerEntityManagerFactoryBean : Initialized JPA EntityManagerFactory for persistence unit 'default'
2026-04-29T15:03:07.571+02:00  INFO 17912 --- [serviflow-backend] [           main] o.s.d.j.r.query.QueryEnhancerFactory     : Hibernate is in classpath; If applicable, HQL parser will be used.
2026-04-29T15:03:08.444+02:00  WARN 17912 --- [serviflow-backend] [           main] JpaBaseConfiguration$JpaWebConfiguration : spring.jpa.open-in-view is enabled by default. Therefore, database queries may be performed during view rendering. Explicitly configure spring.jpa.open-in-view to disable this warning
2026-04-29T15:03:08.841+02:00  INFO 17912 --- [serviflow-backend] [           main] o.s.s.web.DefaultSecurityFilterChain     : Will secure any request with [org.springframework.security.web.session.DisableEncodeUrlFilter@5ddd3150, org.springframework.security.web.context.request.async.WebAsyncManagerIntegrationFilter@7b255b15, org.springframework.security.web.context.SecurityContextHolderFilter@76067600, org.springframework.security.web.header.HeaderWriterFilter@3c75fb73, org.springframework.web.filter.CorsFilter@2165828d, org.springframework.security.web.authentication.logout.LogoutFilter@2a794780, com.serviflow.auth.infrastructure.security.JwtFilter@5ce045e3, org.springframework.security.web.savedrequest.RequestCacheAwareFilter@579c24c2, org.springframework.security.web.servletapi.SecurityContextHolderAwareRequestFilter@6497bc28, org.springframework.security.web.authentication.AnonymousAuthenticationFilter@3540d5e3, org.springframework.security.web.session.SessionManagementFilter@3862381d, org.springframework.security.web.access.ExceptionTranslationFilter@697fb4b1, org.springframework.security.web.access.intercept.AuthorizationFilter@4fbdc20]
2026-04-29T15:03:09.278+02:00 DEBUG 17912 --- [serviflow-backend] [           main] c.s.a.infrastructure.security.JwtFilter  : Filter 'jwtFilter' configured for use
2026-04-29T15:03:09.278+02:00  INFO 17912 --- [serviflow-backend] [           main] o.s.b.t.m.w.SpringBootMockServletContext : Initializing Spring TestDispatcherServlet ''
2026-04-29T15:03:09.279+02:00  INFO 17912 --- [serviflow-backend] [           main] o.s.t.web.servlet.TestDispatcherServlet  : Initializing Servlet ''
2026-04-29T15:03:09.279+02:00  INFO 17912 --- [serviflow-backend] [           main] o.s.t.web.servlet.TestDispatcherServlet  : Completed initialization in 0 ms
2026-04-29T15:03:09.302+02:00  INFO 17912 --- [serviflow-backend] [           main] c.s.a.i.web.AvisoControllerIT            : Started AvisoControllerIT in 7.625 seconds (process running for 11.071)
2026-04-29T15:03:09.361+02:00 DEBUG 17912 --- [serviflow-backend] [           main] o.s.security.web.FilterChainProxy        : Securing POST /api/avisos
2026-04-29T15:03:09.367+02:00 DEBUG 17912 --- [serviflow-backend] [           main] o.s.security.web.FilterChainProxy        : Secured POST /api/avisos
2026-04-29T15:03:09.460+02:00 DEBUG 17912 --- [serviflow-backend] [           main] horizationManagerBeforeMethodInterceptor : Authorizing method invocation ReflectiveMethodInvocation: public org.springframework.http.ResponseEntity com.serviflow.aviso.infrastructure.web.AvisoController.createAviso(com.serviflow.aviso.infrastructure.web.AvisoController$CreateAvisoRequest,org.springframework.security.core.Authentication); target is of class [com.serviflow.aviso.infrastructure.web.AvisoController]
2026-04-29T15:03:09.487+02:00 DEBUG 17912 --- [serviflow-backend] [           main] horizationManagerBeforeMethodInterceptor : Authorized method invocation ReflectiveMethodInvocation: public org.springframework.http.ResponseEntity com.serviflow.aviso.infrastructure.web.AvisoController.createAviso(com.serviflow.aviso.infrastructure.web.AvisoController$CreateAvisoRequest,org.springframework.security.core.Authentication); target is of class [com.serviflow.aviso.infrastructure.web.AvisoController]
]]></system-out>
  </testcase>
  <testcase name="shouldListAvisos" classname="com.serviflow.aviso.infrastructure.web.AvisoControllerIT" time="0.025">
    <system-out><![CDATA[2026-04-29T15:03:09.559+02:00 DEBUG 17912 --- [serviflow-backend] [           main] o.s.security.web.FilterChainProxy        : Securing GET /api/avisos
2026-04-29T15:03:09.560+02:00 DEBUG 17912 --- [serviflow-backend] [           main] o.s.security.web.FilterChainProxy        : Secured GET /api/avisos
2026-04-29T15:03:09.568+02:00 DEBUG 17912 --- [serviflow-backend] [           main] horizationManagerBeforeMethodInterceptor : Authorizing method invocation ReflectiveMethodInvocation: public org.springframework.http.ResponseEntity com.serviflow.aviso.infrastructure.web.AvisoController.listAvisos(java.lang.String,java.lang.String,java.lang.String,java.lang.Long,int,int,java.lang.String,java.lang.String); target is of class [com.serviflow.aviso.infrastructure.web.AvisoController]
2026-04-29T15:03:09.569+02:00 DEBUG 17912 --- [serviflow-backend] [           main] horizationManagerBeforeMethodInterceptor : Authorized method invocation ReflectiveMethodInvocation: public org.springframework.http.ResponseEntity com.serviflow.aviso.infrastructure.web.AvisoController.listAvisos(java.lang.String,java.lang.String,java.lang.String,java.lang.Long,int,int,java.lang.String,java.lang.String); target is of class [com.serviflow.aviso.infrastructure.web.AvisoController]
]]></system-out>
  </testcase>
  <testcase name="shouldRejectInvalidCreateRequest" classname="com.serviflow.aviso.infrastructure.web.AvisoControllerIT" time="0.012">
    <failure message="Status expected:&lt;400&gt; but was:&lt;201&gt;" type="java.lang.AssertionError"><![CDATA[java.lang.AssertionError: Status expected:<400> but was:<201>
	at org.springframework.test.util.AssertionErrors.fail(AssertionErrors.java:59)
	at org.springframework.test.util.AssertionErrors.assertEquals(AssertionErrors.java:122)
	at org.springframework.test.web.servlet.result.StatusResultMatchers.lambda$matcher$9(StatusResultMatchers.java:637)
	at org.springframework.test.web.servlet.MockMvc$1.andExpect(MockMvc.java:214)
	at com.serviflow.aviso.infrastructure.web.AvisoControllerIT.shouldRejectInvalidCreateRequest(AvisoControllerIT.java:214)
	at java.base/java.lang.reflect.Method.invoke(Method.java:580)
	at java.base/java.util.ArrayList.forEach(ArrayList.java:1596)
	at java.base/java.util.ArrayList.forEach(ArrayList.java:1596)
]]></failure>
    <system-out><![CDATA[2026-04-29T15:03:09.585+02:00 DEBUG 17912 --- [serviflow-backend] [           main] o.s.security.web.FilterChainProxy        : Securing POST /api/avisos
2026-04-29T15:03:09.586+02:00 DEBUG 17912 --- [serviflow-backend] [           main] o.s.security.web.FilterChainProxy        : Secured POST /api/avisos
2026-04-29T15:03:09.587+02:00 DEBUG 17912 --- [serviflow-backend] [           main] horizationManagerBeforeMethodInterceptor : Authorizing method invocation ReflectiveMethodInvocation: public org.springframework.http.ResponseEntity com.serviflow.aviso.infrastructure.web.AvisoController.createAviso(com.serviflow.aviso.infrastructure.web.AvisoController$CreateAvisoRequest,org.springframework.security.core.Authentication); target is of class [com.serviflow.aviso.infrastructure.web.AvisoController]
2026-04-29T15:03:09.587+02:00 DEBUG 17912 --- [serviflow-backend] [           main] horizationManagerBeforeMethodInterceptor : Authorized method invocation ReflectiveMethodInvocation: public org.springframework.http.ResponseEntity com.serviflow.aviso.infrastructure.web.AvisoController.createAviso(com.serviflow.aviso.infrastructure.web.AvisoController$CreateAvisoRequest,org.springframework.security.core.Authentication); target is of class [com.serviflow.aviso.infrastructure.web.AvisoController]

MockHttpServletRequest:
      HTTP Method = POST
      Request URI = /api/avisos
       Parameters = {_csrf=[lUCX6WGynzIANe5mJ6QrcaLfL-ugffy2akIf-dgPZ8o_QjlF9HTy2VLQqwotDI0ARYkfRcC9AtKZH8ibXyAtzOA8Uv8NcQh3]}
          Headers = [Content-Type:"application/json;charset=UTF-8", Content-Length:"2"]
             Body = {}
    Session Attrs = {}

Handler:
             Type = com.serviflow.aviso.infrastructure.web.AvisoController
           Method = com.serviflow.aviso.infrastructure.web.AvisoController#createAviso(CreateAvisoRequest, Authentication)

Async:
    Async started = false
     Async result = null

Resolved Exception:
             Type = null

ModelAndView:
        View name = null
             View = null
            Model = null

FlashMap:
       Attributes = null

MockHttpServletResponse:
           Status = 201
    Error message = null
          Headers = [Vary:"Origin", "Access-Control-Request-Method", "Access-Control-Request-Headers", X-Content-Type-Options:"nosniff", X-XSS-Protection:"0", Cache-Control:"no-cache, no-store, max-age=0, must-revalidate", Pragma:"no-cache", Expires:"0", X-Frame-Options:"DENY"]
     Content type = null
             Body = 
    Forwarded URL = null
   Redirected URL = null
          Cookies = []
]]></system-out>
  </testcase>
  <testcase name="shouldRejectInvalidPrioridad" classname="com.serviflow.aviso.infrastructure.web.AvisoControllerIT" time="0.008">
    <failure message="Status expected:&lt;400&gt; but was:&lt;201&gt;" type="java.lang.AssertionError"><![CDATA[java.lang.AssertionError: Status expected:<400> but was:<201>
	at org.springframework.test.util.AssertionErrors.fail(AssertionErrors.java:59)
	at org.springframework.test.util.AssertionErrors.assertEquals(AssertionErrors.java:122)
	at org.springframework.test.web.servlet.result.StatusResultMatchers.lambda$matcher$9(StatusResultMatchers.java:637)
	at org.springframework.test.web.servlet.MockMvc$1.andExpect(MockMvc.java:214)
	at com.serviflow.aviso.infrastructure.web.AvisoControllerIT.shouldRejectInvalidPrioridad(AvisoControllerIT.java:236)
	at java.base/java.lang.reflect.Method.invoke(Method.java:580)
	at java.base/java.util.ArrayList.forEach(ArrayList.java:1596)
	at java.base/java.util.ArrayList.forEach(ArrayList.java:1596)
]]></failure>
    <system-out><![CDATA[2026-04-29T15:03:09.601+02:00 DEBUG 17912 --- [serviflow-backend] [           main] o.s.security.web.FilterChainProxy        : Securing POST /api/avisos
2026-04-29T15:03:09.602+02:00 DEBUG 17912 --- [serviflow-backend] [           main] o.s.security.web.FilterChainProxy        : Secured POST /api/avisos
2026-04-29T15:03:09.603+02:00 DEBUG 17912 --- [serviflow-backend] [           main] horizationManagerBeforeMethodInterceptor : Authorizing method invocation ReflectiveMethodInvocation: public org.springframework.http.ResponseEntity com.serviflow.aviso.infrastructure.web.AvisoController.createAviso(com.serviflow.aviso.infrastructure.web.AvisoController$CreateAvisoRequest,org.springframework.security.core.Authentication); target is of class [com.serviflow.aviso.infrastructure.web.AvisoController]
2026-04-29T15:03:09.603+02:00 DEBUG 17912 --- [serviflow-backend] [           main] horizationManagerBeforeMethodInterceptor : Authorized method invocation ReflectiveMethodInvocation: public org.springframework.http.ResponseEntity com.serviflow.aviso.infrastructure.web.AvisoController.createAviso(com.serviflow.aviso.infrastructure.web.AvisoController$CreateAvisoRequest,org.springframework.security.core.Authentication); target is of class [com.serviflow.aviso.infrastructure.web.AvisoController]

MockHttpServletRequest:
      HTTP Method = POST
      Request URI = /api/avisos
       Parameters = {_csrf=[jYDHzeyDsTWTnen9pAmLLa3AXvfZoqb6DxP5RLuc3Ik8oo_y7rnz_dS1hlC-q4zFwSS_GZX1c5Xsk5TXPHaYcYir7e0Px7qT]}
          Headers = [Content-Type:"application/json;charset=UTF-8", Content-Length:"188"]
             Body = {
    "clienteId": 1,
    "descripcion": "Test",
    "prioridad": "INVALID",
    "calle": "C",
    "numero": "1",
    "localidad": "L",
    "provincia": "P",
    "codigoPostal": "12345"
}

    Session Attrs = {}

Handler:
             Type = com.serviflow.aviso.infrastructure.web.AvisoController
           Method = com.serviflow.aviso.infrastructure.web.AvisoController#createAviso(CreateAvisoRequest, Authentication)

Async:
    Async started = false
     Async result = null

Resolved Exception:
             Type = null

ModelAndView:
        View name = null
             View = null
            Model = null

FlashMap:
       Attributes = null

MockHttpServletResponse:
           Status = 201
    Error message = null
          Headers = [Vary:"Origin", "Access-Control-Request-Method", "Access-Control-Request-Headers", X-Content-Type-Options:"nosniff", X-XSS-Protection:"0", Cache-Control:"no-cache, no-store, max-age=0, must-revalidate", Pragma:"no-cache", Expires:"0", X-Frame-Options:"DENY"]
     Content type = null
             Body = 
    Forwarded URL = null
   Redirected URL = null
          Cookies = []
]]></system-out>
  </testcase>
  <testcase name="shouldCreateAvisoAndReturn201" classname="com.serviflow.aviso.infrastructure.web.AvisoControllerIT" time="0.006">
    <system-out><![CDATA[2026-04-29T15:03:09.610+02:00 DEBUG 17912 --- [serviflow-backend] [           main] o.s.security.web.FilterChainProxy        : Securing POST /api/avisos
2026-04-29T15:03:09.610+02:00 DEBUG 17912 --- [serviflow-backend] [           main] o.s.security.web.FilterChainProxy        : Secured POST /api/avisos
2026-04-29T15:03:09.611+02:00 DEBUG 17912 --- [serviflow-backend] [           main] horizationManagerBeforeMethodInterceptor : Authorizing method invocation ReflectiveMethodInvocation: public org.springframework.http.ResponseEntity com.serviflow.aviso.infrastructure.web.AvisoController.createAviso(com.serviflow.aviso.infrastructure.web.AvisoController$CreateAvisoRequest,org.springframework.security.core.Authentication); target is of class [com.serviflow.aviso.infrastructure.web.AvisoController]
2026-04-29T15:03:09.612+02:00 DEBUG 17912 --- [serviflow-backend] [           main] horizationManagerBeforeMethodInterceptor : Authorized method invocation ReflectiveMethodInvocation: public org.springframework.http.ResponseEntity com.serviflow.aviso.infrastructure.web.AvisoController.createAviso(com.serviflow.aviso.infrastructure.web.AvisoController$CreateAvisoRequest,org.springframework.security.core.Authentication); target is of class [com.serviflow.aviso.infrastructure.web.AvisoController]
]]></system-out>
  </testcase>
  <testcase name="shouldAllowTecnicoToList" classname="com.serviflow.aviso.infrastructure.web.AvisoControllerIT" time="0.015">
    <failure message="Status expected:&lt;200&gt; but was:&lt;403&gt;" type="java.lang.AssertionError"><![CDATA[java.lang.AssertionError: Status expected:<200> but was:<403>
	at org.springframework.test.util.AssertionErrors.fail(AssertionErrors.java:59)
	at org.springframework.test.util.AssertionErrors.assertEquals(AssertionErrors.java:122)
	at org.springframework.test.web.servlet.result.StatusResultMatchers.lambda$matcher$9(StatusResultMatchers.java:637)
	at org.springframework.test.web.servlet.MockMvc$1.andExpect(MockMvc.java:214)
	at com.serviflow.aviso.infrastructure.web.AvisoControllerIT.shouldAllowTecnicoToList(AvisoControllerIT.java:196)
	at java.base/java.lang.reflect.Method.invoke(Method.java:580)
	at java.base/java.util.ArrayList.forEach(ArrayList.java:1596)
	at java.base/java.util.ArrayList.forEach(ArrayList.java:1596)
]]></failure>
    <system-out><![CDATA[2026-04-29T15:03:09.618+02:00 DEBUG 17912 --- [serviflow-backend] [           main] o.s.security.web.FilterChainProxy        : Securing GET /api/avisos
2026-04-29T15:03:09.619+02:00 DEBUG 17912 --- [serviflow-backend] [           main] o.s.security.web.FilterChainProxy        : Secured GET /api/avisos
2026-04-29T15:03:09.620+02:00 DEBUG 17912 --- [serviflow-backend] [           main] horizationManagerBeforeMethodInterceptor : Authorizing method invocation ReflectiveMethodInvocation: public org.springframework.http.ResponseEntity com.serviflow.aviso.infrastructure.web.AvisoController.listAvisos(java.lang.String,java.lang.String,java.lang.String,java.lang.Long,int,int,java.lang.String,java.lang.String); target is of class [com.serviflow.aviso.infrastructure.web.AvisoController]
2026-04-29T15:03:09.624+02:00 DEBUG 17912 --- [serviflow-backend] [           main] horizationManagerBeforeMethodInterceptor : Failed to authorize ReflectiveMethodInvocation: public org.springframework.http.ResponseEntity com.serviflow.aviso.infrastructure.web.AvisoController.listAvisos(java.lang.String,java.lang.String,java.lang.String,java.lang.Long,int,int,java.lang.String,java.lang.String); target is of class [com.serviflow.aviso.infrastructure.web.AvisoController] with authorization manager org.springframework.security.config.annotation.method.configuration.DeferringObservationAuthorizationManager@25712d03 and decision ExpressionAuthorizationDecision [granted=false, expressionAttribute=hasAnyRole('ADMINISTRADOR', 'COORDINADOR')]
2026-04-29T15:03:09.626+02:00  WARN 17912 --- [serviflow-backend] [           main] c.s.s.i.web.GlobalExceptionHandler       : Access denied: Access Denied

MockHttpServletRequest:
      HTTP Method = GET
      Request URI = /api/avisos
       Parameters = {}
          Headers = []
             Body = null
    Session Attrs = {}

Handler:
             Type = com.serviflow.aviso.infrastructure.web.AvisoController
           Method = com.serviflow.aviso.infrastructure.web.AvisoController#listAvisos(String, String, String, Long, int, int, String, String)

Async:
    Async started = false
     Async result = null

Resolved Exception:
             Type = org.springframework.security.access.AccessDeniedException

ModelAndView:
        View name = null
             View = null
            Model = null

FlashMap:
       Attributes = null

MockHttpServletResponse:
           Status = 403
    Error message = null
          Headers = [Vary:"Origin", "Access-Control-Request-Method", "Access-Control-Request-Headers", Content-Type:"application/json", X-Content-Type-Options:"nosniff", X-XSS-Protection:"0", Cache-Control:"no-cache, no-store, max-age=0, must-revalidate", Pragma:"no-cache", Expires:"0", X-Frame-Options:"DENY"]
     Content type = application/json
             Body = {"code":"ACCESS_DENIED","message":"No tienes permisos para acceder a este recurso"}
    Forwarded URL = null
   Redirected URL = null
          Cookies = []
]]></system-out>
  </testcase>
  <testcase name="shouldListAvisosWithFilters" classname="com.serviflow.aviso.infrastructure.web.AvisoControllerIT" time="0.011">
    <system-out><![CDATA[2026-04-29T15:03:09.635+02:00 DEBUG 17912 --- [serviflow-backend] [           main] o.s.security.web.FilterChainProxy        : Securing GET /api/avisos
2026-04-29T15:03:09.636+02:00 DEBUG 17912 --- [serviflow-backend] [           main] o.s.security.web.FilterChainProxy        : Secured GET /api/avisos
2026-04-29T15:03:09.637+02:00 DEBUG 17912 --- [serviflow-backend] [           main] horizationManagerBeforeMethodInterceptor : Authorizing method invocation ReflectiveMethodInvocation: public org.springframework.http.ResponseEntity com.serviflow.aviso.infrastructure.web.AvisoController.listAvisos(java.lang.String,java.lang.String,java.lang.String,java.lang.Long,int,int,java.lang.String,java.lang.String); target is of class [com.serviflow.aviso.infrastructure.web.AvisoController]
2026-04-29T15:03:09.637+02:00 DEBUG 17912 --- [serviflow-backend] [           main] horizationManagerBeforeMethodInterceptor : Authorized method invocation ReflectiveMethodInvocation: public org.springframework.http.ResponseEntity com.serviflow.aviso.infrastructure.web.AvisoController.listAvisos(java.lang.String,java.lang.String,java.lang.String,java.lang.Long,int,int,java.lang.String,java.lang.String); target is of class [com.serviflow.aviso.infrastructure.web.AvisoController]
]]></system-out>
  </testcase>
  <testcase name="shouldDenyAccessWhenNotAuthenticated" classname="com.serviflow.aviso.infrastructure.web.AvisoControllerIT" time="0.006">
    <system-out><![CDATA[2026-04-29T15:03:09.645+02:00 DEBUG 17912 --- [serviflow-backend] [           main] o.s.security.web.FilterChainProxy        : Securing GET /api/avisos
2026-04-29T15:03:09.646+02:00 DEBUG 17912 --- [serviflow-backend] [           main] o.s.s.w.a.AnonymousAuthenticationFilter  : Set SecurityContextHolder to anonymous SecurityContext
]]></system-out>
  </testcase>
  <testcase name="shouldDenyCreateToTecnico" classname="com.serviflow.aviso.infrastructure.web.AvisoControllerIT" time="0.008">
    <system-out><![CDATA[2026-04-29T15:03:09.653+02:00 DEBUG 17912 --- [serviflow-backend] [           main] o.s.security.web.FilterChainProxy        : Securing POST /api/avisos
2026-04-29T15:03:09.654+02:00 DEBUG 17912 --- [serviflow-backend] [           main] o.s.security.web.FilterChainProxy        : Secured POST /api/avisos
2026-04-29T15:03:09.655+02:00 DEBUG 17912 --- [serviflow-backend] [           main] horizationManagerBeforeMethodInterceptor : Authorizing method invocation ReflectiveMethodInvocation: public org.springframework.http.ResponseEntity com.serviflow.aviso.infrastructure.web.AvisoController.createAviso(com.serviflow.aviso.infrastructure.web.AvisoController$CreateAvisoRequest,org.springframework.security.core.Authentication); target is of class [com.serviflow.aviso.infrastructure.web.AvisoController]
2026-04-29T15:03:09.655+02:00 DEBUG 17912 --- [serviflow-backend] [           main] horizationManagerBeforeMethodInterceptor : Failed to authorize ReflectiveMethodInvocation: public org.springframework.http.ResponseEntity com.serviflow.aviso.infrastructure.web.AvisoController.createAviso(com.serviflow.aviso.infrastructure.web.AvisoController$CreateAvisoRequest,org.springframework.security.core.Authentication); target is of class [com.serviflow.aviso.infrastructure.web.AvisoController] with authorization manager org.springframework.security.config.annotation.method.configuration.DeferringObservationAuthorizationManager@25712d03 and decision ExpressionAuthorizationDecision [granted=false, expressionAttribute=hasAnyRole('ADMINISTRADOR', 'COORDINADOR')]
2026-04-29T15:03:09.656+02:00  WARN 17912 --- [serviflow-backend] [           main] c.s.s.i.web.GlobalExceptionHandler       : Access denied: Access Denied
]]></system-out>
  </testcase>
  <testcase name="shouldListAvisosWithPagination" classname="com.serviflow.aviso.infrastructure.web.AvisoControllerIT" time="0.007">
    <failure message="JSON path &quot;$.currentPage&quot; expected:&lt;1&gt; but was:&lt;0&gt;" type="java.lang.AssertionError"><![CDATA[java.lang.AssertionError: JSON path "$.currentPage" expected:<1> but was:<0>
	at org.springframework.test.util.AssertionErrors.fail(AssertionErrors.java:59)
	at org.springframework.test.util.AssertionErrors.assertEquals(AssertionErrors.java:122)
	at org.springframework.test.util.JsonPathExpectationsHelper.assertValue(JsonPathExpectationsHelper.java:123)
	at org.springframework.test.web.servlet.result.JsonPathResultMatchers.lambda$value$2(JsonPathResultMatchers.java:111)
	at org.springframework.test.web.servlet.MockMvc$1.andExpect(MockMvc.java:214)
	at com.serviflow.aviso.infrastructure.web.AvisoControllerIT.shouldListAvisosWithPagination(AvisoControllerIT.java:153)
	at java.base/java.lang.reflect.Method.invoke(Method.java:580)
	at java.base/java.util.ArrayList.forEach(ArrayList.java:1596)
	at java.base/java.util.ArrayList.forEach(ArrayList.java:1596)
]]></failure>
    <system-out><![CDATA[2026-04-29T15:03:09.662+02:00 DEBUG 17912 --- [serviflow-backend] [           main] o.s.security.web.FilterChainProxy        : Securing GET /api/avisos
2026-04-29T15:03:09.662+02:00 DEBUG 17912 --- [serviflow-backend] [           main] o.s.security.web.FilterChainProxy        : Secured GET /api/avisos
2026-04-29T15:03:09.663+02:00 DEBUG 17912 --- [serviflow-backend] [           main] horizationManagerBeforeMethodInterceptor : Authorizing method invocation ReflectiveMethodInvocation: public org.springframework.http.ResponseEntity com.serviflow.aviso.infrastructure.web.AvisoController.listAvisos(java.lang.String,java.lang.String,java.lang.String,java.lang.Long,int,int,java.lang.String,java.lang.String); target is of class [com.serviflow.aviso.infrastructure.web.AvisoController]
2026-04-29T15:03:09.663+02:00 DEBUG 17912 --- [serviflow-backend] [           main] horizationManagerBeforeMethodInterceptor : Authorized method invocation ReflectiveMethodInvocation: public org.springframework.http.ResponseEntity com.serviflow.aviso.infrastructure.web.AvisoController.listAvisos(java.lang.String,java.lang.String,java.lang.String,java.lang.Long,int,int,java.lang.String,java.lang.String); target is of class [com.serviflow.aviso.infrastructure.web.AvisoController]

MockHttpServletRequest:
      HTTP Method = GET
      Request URI = /api/avisos
       Parameters = {page=[1], size=[10]}
          Headers = []
             Body = null
    Session Attrs = {}

Handler:
             Type = com.serviflow.aviso.infrastructure.web.AvisoController
           Method = com.serviflow.aviso.infrastructure.web.AvisoController#listAvisos(String, String, String, Long, int, int, String, String)

Async:
    Async started = false
     Async result = null

Resolved Exception:
             Type = null

ModelAndView:
        View name = null
             View = null
            Model = null

FlashMap:
       Attributes = null

MockHttpServletResponse:
           Status = 200
    Error message = null
          Headers = [Vary:"Origin", "Access-Control-Request-Method", "Access-Control-Request-Headers", Content-Type:"application/json", X-Content-Type-Options:"nosniff", X-XSS-Protection:"0", Cache-Control:"no-cache, no-store, max-age=0, must-revalidate", Pragma:"no-cache", Expires:"0", X-Frame-Options:"DENY"]
     Content type = application/json
             Body = {"content":[],"totalElements":0,"totalPages":0,"currentPage":0,"pageSize":20}
    Forwarded URL = null
   Redirected URL = null
          Cookies = []
]]></system-out>
  </testcase>
</testsuite>